1615911264.909561 client started (6833): version 3.1b, socket /tmp//tmux-1000/default, protocol 8
1615911264.909577 on Linux 5.8.0-7630-generic #32~1609193707~20.10~781bb80-Ubuntu SMP Tue Jan 5 21:29:56 UTC 2; libevent 2.1.12-stable (poll)
1615911264.909586 socket is /tmp//tmux-1000/default
1615911264.909593 trying connect
1615911264.909631 add peer 0x560f16e41910: 6 ((nil))
1615911264.909673 sending message 100 to peer 0x560f16e41910 (4 bytes)
1615911264.909678 sending message 101 to peer 0x560f16e41910 (16 bytes)
1615911264.909681 sending message 102 to peer 0x560f16e41910 (11 bytes)
1615911264.909683 sending message 108 to peer 0x560f16e41910 (20 bytes)
1615911264.909686 sending message 104 to peer 0x560f16e41910 (0 bytes)
1615911264.909689 sending message 107 to peer 0x560f16e41910 (4 bytes)
1615911264.909691 sending message 105 to peer 0x560f16e41910 (20 bytes)
1615911264.909694 sending message 105 to peer 0x560f16e41910 (54 bytes)
1615911264.909697 sending message 105 to peer 0x560f16e41910 (48 bytes)
1615911264.909699 sending message 105 to peer 0x560f16e41910 (20 bytes)
1615911264.909702 sending message 105 to peer 0x560f16e41910 (11 bytes)
1615911264.909704 sending message 105 to peer 0x560f16e41910 (15 bytes)
1615911264.909707 sending message 105 to peer 0x560f16e41910 (24 bytes)
1615911264.909709 sending message 105 to peer 0x560f16e41910 (33 bytes)
1615911264.909712 sending message 105 to peer 0x560f16e41910 (44 bytes)
1615911264.909714 sending message 105 to peer 0x560f16e41910 (29 bytes)
1615911264.909717 sending message 105 to peer 0x560f16e41910 (86 bytes)
1615911264.909719 sending message 105 to peer 0x560f16e41910 (30 bytes)
1615911264.909721 sending message 105 to peer 0x560f16e41910 (52 bytes)
1615911264.909724 sending message 105 to peer 0x560f16e41910 (19 bytes)
1615911264.909726 sending message 105 to peer 0x560f16e41910 (47 bytes)
1615911264.909736 sending message 105 to peer 0x560f16e41910 (16 bytes)
1615911264.909739 sending message 105 to peer 0x560f16e41910 (17 bytes)
1615911264.909742 sending message 105 to peer 0x560f16e41910 (18 bytes)
1615911264.909745 sending message 105 to peer 0x560f16e41910 (23 bytes)
1615911264.909747 sending message 105 to peer 0x560f16e41910 (30 bytes)
1615911264.909749 sending message 105 to peer 0x560f16e41910 (27 bytes)
1615911264.909752 sending message 105 to peer 0x560f16e41910 (24 bytes)
1615911264.909754 sending message 105 to peer 0x560f16e41910 (20 bytes)
1615911264.909757 sending message 105 to peer 0x560f16e41910 (23 bytes)
1615911264.909760 sending message 105 to peer 0x560f16e41910 (21 bytes)
1615911264.909762 sending message 105 to peer 0x560f16e41910 (25 bytes)
1615911264.909765 sending message 105 to peer 0x560f16e41910 (20 bytes)
1615911264.909767 sending message 105 to peer 0x560f16e41910 (13 bytes)
1615911264.909770 sending message 105 to peer 0x560f16e41910 (51 bytes)
1615911264.909772 sending message 105 to peer 0x560f16e41910 (18 bytes)
1615911264.909775 sending message 105 to peer 0x560f16e41910 (13 bytes)
1615911264.909778 sending message 105 to peer 0x560f16e41910 (174 bytes)
1615911264.909780 sending message 105 to peer 0x560f16e41910 (24 bytes)
1615911264.909783 sending message 105 to peer 0x560f16e41910 (19 bytes)
1615911264.909786 sending message 105 to peer 0x560f16e41910 (18 bytes)
1615911264.909788 sending message 105 to peer 0x560f16e41910 (82 bytes)
1615911264.909790 sending message 105 to peer 0x560f16e41910 (19 bytes)
1615911264.909793 sending message 105 to peer 0x560f16e41910 (8 bytes)
1615911264.909796 sending message 105 to peer 0x560f16e41910 (19 bytes)
1615911264.909798 sending message 105 to peer 0x560f16e41910 (41 bytes)
1615911264.909801 sending message 105 to peer 0x560f16e41910 (21 bytes)
1615911264.909803 sending message 105 to peer 0x560f16e41910 (36 bytes)
1615911264.909806 sending message 105 to peer 0x560f16e41910 (13 bytes)
1615911264.909808 sending message 105 to peer 0x560f16e41910 (10 bytes)
1615911264.909811 sending message 105 to peer 0x560f16e41910 (14 bytes)
1615911264.909813 sending message 105 to peer 0x560f16e41910 (17 bytes)
1615911264.909820 sending message 105 to peer 0x560f16e41910 (13 bytes)
1615911264.909823 sending message 105 to peer 0x560f16e41910 (41 bytes)
1615911264.909826 sending message 105 to peer 0x560f16e41910 (42 bytes)
1615911264.909828 sending message 105 to peer 0x560f16e41910 (30 bytes)
1615911264.909831 sending message 105 to peer 0x560f16e41910 (134 bytes)
1615911264.909833 sending message 105 to peer 0x560f16e41910 (23 bytes)
1615911264.909836 sending message 105 to peer 0x560f16e41910 (31 bytes)
1615911264.909838 sending message 105 to peer 0x560f16e41910 (23 bytes)
1615911264.909841 sending message 105 to peer 0x560f16e41910 (24 bytes)
1615911264.909843 sending message 105 to peer 0x560f16e41910 (21 bytes)
1615911264.909846 sending message 105 to peer 0x560f16e41910 (20 bytes)
1615911264.909849 sending message 105 to peer 0x560f16e41910 (16 bytes)
1615911264.909851 sending message 105 to peer 0x560f16e41910 (11 bytes)
1615911264.909853 sending message 105 to peer 0x560f16e41910 (32 bytes)
1615911264.909856 sending message 105 to peer 0x560f16e41910 (1519 bytes)
1615911264.909861 sending message 106 to peer 0x560f16e41910 (0 bytes)
1615911264.909864 sending message 200 to peer 0x560f16e41910 (4 bytes)
1615911264.909866 client loop enter
1615911264.910172 peer 0x560f16e41910 message 303
1615911264.910180 open write file 2 -
1615911264.910188 sending message 305 to peer 0x560f16e41910 (8 bytes)
1615911264.910348 peer 0x560f16e41910 message 304
1615911264.910355 write 58 to file 2
1615911264.910360 peer 0x560f16e41910 message 203
1615911264.910363 file 2 58 bytes left
1615911264.910375 client loop exit
